<?xml version="1.0" encoding="UTF-8"?>
<!-- Generated by org.testng.reporters.JUnitReportReporter -->
<testsuite hostname="DESKTOP-952V858" failures="0" tests="1" name="com.qa.hs.Tests.LoginTest" time="8.435" errors="0" timestamp="2021-05-10T19:49:07 IST" skipped="0">
  <testcase classname="com.qa.hs.Tests.LoginTest" name="loginTest" time="8.435"/>
  <system-out/>
</testsuite> <!-- com.qa.hs.Tests.LoginTest -->
