<?xml version="1.0" encoding="UTF-8"?>
<!-- Generated by org.testng.reporters.JUnitReportReporter -->
<testsuite skipped="0" hostname="DESKTOP-952V858" name="com.qa.hs.Tests.LoginTest" tests="1" failures="0" timestamp="2021-05-19T16:13:57 IST" time="15.396" errors="0">
  <testcase name="loginTest" time="15.396" classname="com.qa.hs.Tests.LoginTest"/>
  <system-out/>
</testsuite> <!-- com.qa.hs.Tests.LoginTest -->
