<?xml version="1.0" encoding="UTF-8"?>
<!-- Generated by org.testng.reporters.JUnitReportReporter -->
<testsuite skipped="0" hostname="DESKTOP-952V858" name="com.qa.hs.Tests.LoginTest" tests="1" failures="0" timestamp="2021-05-24T13:32:25 IST" time="47.571" errors="0">
  <testcase name="loginTest" time="47.571" classname="com.qa.hs.Tests.LoginTest"/>
  <system-out/>
</testsuite> <!-- com.qa.hs.Tests.LoginTest -->
